전일 종가: 11,910원, 전일대비 상승률: -0.25%####################################################################################################
# 투자자: DEV.  종목: 229200 [KODEX 150 ETF]####################################################################################################
📌 시작금액: 12,005
####################################################################################################
# 13:04:55 매수 1회차] 저가: 12,000, 현재: 12,005, 고가: 12,005
# 시작대비: 0.04%, 전일대비: 0.8%, 5연속상승: 0, 5연속하락: 0, 저가갱신: 1, 고가갱신: 0##################################################################################################### 13:05:15 매수 1회차] 저가: 12,000, 현재: 12,010, 고가: 12,010
# 시작대비: 0.08%, 전일대비: 0.84%, 5연속상승: 0, 5연속하락: 0, 저가갱신: 1, 고가갱신: 1##################################################################################################### 13:05:19 매수 1회차] 저가: 12,000, 현재: 12,005, 고가: 12,010
# 시작대비: 0.04%, 전일대비: 0.8%, 5연속상승: 0, 5연속하락: 0, 저가갱신: 1, 고가갱신: 1##################################################################################################### 13:05:20 매수 1회차] 저가: 12,000, 현재: 12,010, 고가: 12,010
# 시작대비: 0.08%, 전일대비: 0.84%, 5연속상승: 0, 5연속하락: 0, 저가갱신: 1, 고가갱신: 1##################################################################################################### 13:05:24 매수 1회차] 저가: 12,000, 현재: 12,005, 고가: 12,010
# 시작대비: 0.04%, 전일대비: 0.8%, 5연속상승: 0, 5연속하락: 0, 저가갱신: 1, 고가갱신: 1##################################################################################################### 13:05:28 매수 1회차] 저가: 12,000, 현재: 12,010, 고가: 12,010
# 시작대비: 0.08%, 전일대비: 0.84%, 5연속상승: 0, 5연속하락: 0, 저가갱신: 1, 고가갱신: 1##################################################################################################### 13:05:48 매수 1회차] 저가: 12,000, 현재: 12,015, 고가: 12,015
# 시작대비: 0.12%, 전일대비: 0.88%, 5연속상승: 0, 5연속하락: 0, 저가갱신: 1, 고가갱신: 2##################################################################################################### 13:05:52 매수 1회차] 저가: 12,000, 현재: 12,010, 고가: 12,015
# 시작대비: 0.08%, 전일대비: 0.84%, 5연속상승: 0, 5연속하락: 0, 저가갱신: 1, 고가갱신: 2##################################################################################################### 13:06:10 매수 1회차] 저가: 12,000, 현재: 12,015, 고가: 12,015
# 시작대비: 0.12%, 전일대비: 0.88%, 5연속상승: 0, 5연속하락: 0, 저가갱신: 1, 고가갱신: 2##################################################################################################### 13:06:16 매수 1회차] 저가: 12,000, 현재: 12,010, 고가: 12,015
# 시작대비: 0.08%, 전일대비: 0.84%, 5연속상승: 0, 5연속하락: 0, 저가갱신: 1, 고가갱신: 2##################################################################################################### 13:06:18 매수 1회차] 저가: 12,000, 현재: 12,005, 고가: 12,015
# 시작대비: 0.04%, 전일대비: 0.8%, 5연속상승: 0, 5연속하락: 0, 저가갱신: 1, 고가갱신: 2##################################################################################################### 13:06:22 매수 1회차] 저가: 12,000, 현재: 12,010, 고가: 12,015
# 시작대비: 0.08%, 전일대비: 0.84%, 5연속상승: 0, 5연속하락: 0, 저가갱신: 1, 고가갱신: 2##################################################################################################### 13:06:38 매수 1회차] 저가: 12,000, 현재: 12,015, 고가: 12,015
# 시작대비: 0.12%, 전일대비: 0.88%, 5연속상승: 0, 5연속하락: 0, 저가갱신: 1, 고가갱신: 2##################################################################################################### 13:06:42 매수 1회차] 저가: 12,000, 현재: 12,010, 고가: 12,015
# 시작대비: 0.08%, 전일대비: 0.84%, 5연속상승: 0, 5연속하락: 0, 저가갱신: 1, 고가갱신: 2##################################################################################################### 13:06:44 매수 1회차] 저가: 12,000, 현재: 12,015, 고가: 12,015
# 시작대비: 0.12%, 전일대비: 0.88%, 5연속상승: 0, 5연속하락: 0, 저가갱신: 1, 고가갱신: 2##################################################################################################### 13:06:53 매수 1회차] 저가: 12,000, 현재: 12,010, 고가: 12,015
# 시작대비: 0.08%, 전일대비: 0.84%, 5연속상승: 0, 5연속하락: 0, 저가갱신: 1, 고가갱신: 2##################################################################################################### 13:06:55 매수 1회차] 저가: 12,000, 현재: 12,015, 고가: 12,015
# 시작대비: 0.12%, 전일대비: 0.88%, 5연속상승: 0, 5연속하락: 0, 저가갱신: 1, 고가갱신: 2##################################################################################################### 13:06:58 매수 1회차] 저가: 12,000, 현재: 12,010, 고가: 12,015
# 시작대비: 0.08%, 전일대비: 0.84%, 5연속상승: 0, 5연속하락: 0, 저가갱신: 1, 고가갱신: 2##################################################################################################### 13:07:00 매수 1회차] 저가: 12,000, 현재: 12,020, 고가: 12,020
# 시작대비: 0.17%, 전일대비: 0.92%, 5연속상승: 0, 5연속하락: 0, 저가갱신: 1, 고가갱신: 3##################################################################################################### 13:07:01 매수 1회차] 저가: 12,000, 현재: 12,010, 고가: 12,020
# 시작대비: 0.08%, 전일대비: 0.84%, 5연속상승: 0, 5연속하락: 0, 저가갱신: 1, 고가갱신: 3##################################################################################################### 13:07:16 매수 1회차] 저가: 12,000, 현재: 12,020, 고가: 12,020
# 시작대비: 0.17%, 전일대비: 0.92%, 5연속상승: 0, 5연속하락: 0, 저가갱신: 1, 고가갱신: 3##################################################################################################### 13:07:50 매수 1회차] 저가: 12,000, 현재: 12,015, 고가: 12,020
# 시작대비: 0.12%, 전일대비: 0.88%, 5연속상승: 0, 5연속하락: 0, 저가갱신: 1, 고가갱신: 3##################################################################################################### 13:07:51 매수 1회차] 저가: 12,000, 현재: 12,020, 고가: 12,020
# 시작대비: 0.17%, 전일대비: 0.92%, 5연속상승: 0, 5연속하락: 0, 저가갱신: 1, 고가갱신: 3##################################################################################################### 13:08:00 매수 1회차] 저가: 12,000, 현재: 12,015, 고가: 12,020
# 시작대비: 0.12%, 전일대비: 0.88%, 5연속상승: 0, 5연속하락: 0, 저가갱신: 1, 고가갱신: 3##################################################################################################### 13:08:05 매수 1회차] 저가: 12,000, 현재: 12,020, 고가: 12,020
# 시작대비: 0.17%, 전일대비: 0.92%, 5연속상승: 0, 5연속하락: 0, 저가갱신: 1, 고가갱신: 3##################################################################################################### 13:08:11 매수 1회차] 저가: 12,000, 현재: 12,015, 고가: 12,020
# 시작대비: 0.12%, 전일대비: 0.88%, 5연속상승: 0, 5연속하락: 0, 저가갱신: 1, 고가갱신: 3##################################################################################################### 13:08:48 매수 1회차] 저가: 12,000, 현재: 12,020, 고가: 12,020
# 시작대비: 0.17%, 전일대비: 0.92%, 5연속상승: 0, 5연속하락: 0, 저가갱신: 1, 고가갱신: 3##################################################################################################### 13:09:05 매수 1회차] 저가: 12,000, 현재: 12,015, 고가: 12,020
# 시작대비: 0.12%, 전일대비: 0.88%, 5연속상승: 0, 5연속하락: 0, 저가갱신: 1, 고가갱신: 3##################################################################################################### 13:09:56 매수 1회차] 저가: 12,000, 현재: 12,020, 고가: 12,020
# 시작대비: 0.17%, 전일대비: 0.92%, 5연속상승: 0, 5연속하락: 0, 저가갱신: 1, 고가갱신: 3##################################################################################################### 13:09:58 매수 1회차] 저가: 12,000, 현재: 12,015, 고가: 12,020
# 시작대비: 0.12%, 전일대비: 0.88%, 5연속상승: 0, 5연속하락: 0, 저가갱신: 1, 고가갱신: 3##################################################################################################### 13:10:05 매수 1회차] 저가: 12,000, 현재: 12,020, 고가: 12,020
# 시작대비: 0.17%, 전일대비: 0.92%, 5연속상승: 0, 5연속하락: 0, 저가갱신: 1, 고가갱신: 3##################################################################################################### 13:10:06 매수 1회차] 저가: 12,000, 현재: 12,015, 고가: 12,020
# 시작대비: 0.12%, 전일대비: 0.88%, 5연속상승: 0, 5연속하락: 0, 저가갱신: 1, 고가갱신: 3##################################################################################################### 13:10:11 매수 1회차] 저가: 12,000, 현재: 12,020, 고가: 12,020
# 시작대비: 0.17%, 전일대비: 0.92%, 5연속상승: 0, 5연속하락: 0, 저가갱신: 1, 고가갱신: 3##################################################################################################### 13:10:16 매수 1회차] 저가: 12,000, 현재: 12,015, 고가: 12,020
# 시작대비: 0.12%, 전일대비: 0.88%, 5연속상승: 0, 5연속하락: 0, 저가갱신: 1, 고가갱신: 3##################################################################################################### 13:10:26 매수 1회차] 저가: 12,000, 현재: 12,020, 고가: 12,020
# 시작대비: 0.17%, 전일대비: 0.92%, 5연속상승: 0, 5연속하락: 0, 저가갱신: 1, 고가갱신: 3##################################################################################################### 13:11:32 매수 1회차] 저가: 12,000, 현재: 12,025, 고가: 12,025
# 시작대비: 0.21%, 전일대비: 0.97%, 5연속상승: 0, 5연속하락: 0, 저가갱신: 1, 고가갱신: 4##################################################################################################### 13:11:37 매수 1회차] 저가: 12,000, 현재: 12,020, 고가: 12,025
# 시작대비: 0.17%, 전일대비: 0.92%, 5연속상승: 0, 5연속하락: 0, 저가갱신: 1, 고가갱신: 4##################################################################################################### 13:11:54 매수 1회차] 저가: 12,000, 현재: 12,025, 고가: 12,025
# 시작대비: 0.21%, 전일대비: 0.97%, 5연속상승: 0, 5연속하락: 0, 저가갱신: 1, 고가갱신: 4##################################################################################################### 13:12:57 매수 1회차] 저가: 12,000, 현재: 12,030, 고가: 12,030
# 시작대비: 0.25%, 전일대비: 1.01%, 5연속상승: 0, 5연속하락: 0, 저가갱신: 1, 고가갱신: 5##################################################################################################### 13:13:03 매수 1회차] 저가: 12,000, 현재: 12,025, 고가: 12,030
# 시작대비: 0.21%, 전일대비: 0.97%, 5연속상승: 0, 5연속하락: 0, 저가갱신: 1, 고가갱신: 5##################################################################################################### 13:13:05 매수 1회차] 저가: 12,000, 현재: 12,030, 고가: 12,030
# 시작대비: 0.25%, 전일대비: 1.01%, 5연속상승: 0, 5연속하락: 0, 저가갱신: 1, 고가갱신: 5##################################################################################################### 13:13:07 매수 1회차] 저가: 12,000, 현재: 12,035, 고가: 12,035
# 시작대비: 0.29%, 전일대비: 1.05%, 5연속상승: 0, 5연속하락: 0, 저가갱신: 1, 고가갱신: 6##################################################################################################### 13:13:09 매수 1회차] 저가: 12,000, 현재: 12,030, 고가: 12,035
# 시작대비: 0.25%, 전일대비: 1.01%, 5연속상승: 0, 5연속하락: 0, 저가갱신: 1, 고가갱신: 6##################################################################################################### 13:13:24 매수 1회차] 저가: 12,000, 현재: 12,025, 고가: 12,035
# 시작대비: 0.21%, 전일대비: 0.97%, 5연속상승: 0, 5연속하락: 0, 저가갱신: 1, 고가갱신: 6##################################################################################################### 13:13:26 매수 1회차] 저가: 12,000, 현재: 12,030, 고가: 12,035
# 시작대비: 0.25%, 전일대비: 1.01%, 5연속상승: 0, 5연속하락: 0, 저가갱신: 1, 고가갱신: 6##################################################################################################### 13:13:29 매수 1회차] 저가: 12,000, 현재: 12,025, 고가: 12,035
# 시작대비: 0.21%, 전일대비: 0.97%, 5연속상승: 0, 5연속하락: 0, 저가갱신: 1, 고가갱신: 6##################################################################################################### 13:13:35 매수 1회차] 저가: 12,000, 현재: 12,030, 고가: 12,035
# 시작대비: 0.25%, 전일대비: 1.01%, 5연속상승: 0, 5연속하락: 0, 저가갱신: 1, 고가갱신: 6##################################################################################################### 13:13:47 매수 1회차] 저가: 12,000, 현재: 12,035, 고가: 12,035
# 시작대비: 0.29%, 전일대비: 1.05%, 5연속상승: 0, 5연속하락: 0, 저가갱신: 1, 고가갱신: 6##################################################################################################### 13:14:22 매수 1회차] 저가: 12,000, 현재: 12,030, 고가: 12,035
# 시작대비: 0.25%, 전일대비: 1.01%, 5연속상승: 0, 5연속하락: 0, 저가갱신: 1, 고가갱신: 6##################################################################################################### 13:14:24 매수 1회차] 저가: 12,000, 현재: 12,035, 고가: 12,035
# 시작대비: 0.29%, 전일대비: 1.05%, 5연속상승: 0, 5연속하락: 0, 저가갱신: 1, 고가갱신: 6##################################################################################################### 13:14:31 매수 1회차] 저가: 12,000, 현재: 12,030, 고가: 12,035
# 시작대비: 0.25%, 전일대비: 1.01%, 5연속상승: 0, 5연속하락: 0, 저가갱신: 1, 고가갱신: 6##################################################################################################### 13:14:38 매수 1회차] 저가: 12,000, 현재: 12,035, 고가: 12,035
# 시작대비: 0.29%, 전일대비: 1.05%, 5연속상승: 0, 5연속하락: 0, 저가갱신: 1, 고가갱신: 6##################################################################################################### 13:14:48 매수 1회차] 저가: 12,000, 현재: 12,030, 고가: 12,035
# 시작대비: 0.25%, 전일대비: 1.01%, 5연속상승: 0, 5연속하락: 0, 저가갱신: 1, 고가갱신: 6##################################################################################################### 13:15:00 매수 1회차] 저가: 12,000, 현재: 12,035, 고가: 12,035
# 시작대비: 0.29%, 전일대비: 1.05%, 5연속상승: 0, 5연속하락: 0, 저가갱신: 1, 고가갱신: 6##################################################################################################### 13:15:06 매수 1회차] 저가: 12,000, 현재: 12,037, 고가: 12,037
# 시작대비: 0.31%, 전일대비: 1.07%, 5연속상승: 0, 5연속하락: 0, 저가갱신: 1, 고가갱신: 7##################################################################################################### 13:15:13 매수 1회차] 저가: 12,000, 현재: 12,040, 고가: 12,040
# 시작대비: 0.33%, 전일대비: 1.09%, 5연속상승: 0, 5연속하락: 0, 저가갱신: 1, 고가갱신: 8##################################################################################################### 13:15:19 매수 1회차] 저가: 12,000, 현재: 12,035, 고가: 12,040
# 시작대비: 0.29%, 전일대비: 1.05%, 5연속상승: 0, 5연속하락: 0, 저가갱신: 1, 고가갱신: 8##################################################################################################### 13:15:42 매수 1회차] 저가: 12,000, 현재: 12,040, 고가: 12,040
# 시작대비: 0.33%, 전일대비: 1.09%, 5연속상승: 0, 5연속하락: 0, 저가갱신: 1, 고가갱신: 8##################################################################################################### 13:15:57 매수 1회차] 저가: 12,000, 현재: 12,035, 고가: 12,040
# 시작대비: 0.29%, 전일대비: 1.05%, 5연속상승: 0, 5연속하락: 0, 저가갱신: 1, 고가갱신: 8##################################################################################################### 13:16:05 매수 1회차] 저가: 12,000, 현재: 12,040, 고가: 12,040
# 시작대비: 0.33%, 전일대비: 1.09%, 5연속상승: 0, 5연속하락: 0, 저가갱신: 1, 고가갱신: 8##################################################################################################### 13:16:27 매수 1회차] 저가: 12,000, 현재: 12,035, 고가: 12,040
# 시작대비: 0.29%, 전일대비: 1.05%, 5연속상승: 0, 5연속하락: 0, 저가갱신: 1, 고가갱신: 8##################################################################################################### 13:16:43 매수 1회차] 저가: 12,000, 현재: 12,030, 고가: 12,040
# 시작대비: 0.25%, 전일대비: 1.01%, 5연속상승: 0, 5연속하락: 0, 저가갱신: 1, 고가갱신: 8##################################################################################################### 13:16:55 매수 1회차] 저가: 12,000, 현재: 12,035, 고가: 12,040
# 시작대비: 0.29%, 전일대비: 1.05%, 5연속상승: 0, 5연속하락: 0, 저가갱신: 1, 고가갱신: 8##################################################################################################### 13:16:58 매수 1회차] 저가: 12,000, 현재: 12,030, 고가: 12,040
# 시작대비: 0.25%, 전일대비: 1.01%, 5연속상승: 0, 5연속하락: 0, 저가갱신: 1, 고가갱신: 8##################################################################################################### 13:17:07 매수 1회차] 저가: 12,000, 현재: 12,035, 고가: 12,040
# 시작대비: 0.29%, 전일대비: 1.05%, 5연속상승: 0, 5연속하락: 0, 저가갱신: 1, 고가갱신: 8##################################################################################################### 13:17:09 매수 1회차] 저가: 12,000, 현재: 12,030, 고가: 12,040
# 시작대비: 0.25%, 전일대비: 1.01%, 5연속상승: 0, 5연속하락: 0, 저가갱신: 1, 고가갱신: 8##################################################################################################### 13:17:14 매수 1회차] 저가: 12,000, 현재: 12,035, 고가: 12,040
# 시작대비: 0.29%, 전일대비: 1.05%, 5연속상승: 0, 5연속하락: 0, 저가갱신: 1, 고가갱신: 8##################################################################################################### 13:17:17 매수 1회차] 저가: 12,000, 현재: 12,030, 고가: 12,040
# 시작대비: 0.25%, 전일대비: 1.01%, 5연속상승: 0, 5연속하락: 0, 저가갱신: 1, 고가갱신: 8##################################################################################################### 13:17:20 매수 1회차] 저가: 12,000, 현재: 12,025, 고가: 12,040
# 시작대비: 0.21%, 전일대비: 0.97%, 5연속상승: 0, 5연속하락: 0, 저가갱신: 1, 고가갱신: 8##################################################################################################### 13:17:33 매수 1회차] 저가: 12,000, 현재: 12,030, 고가: 12,040
# 시작대비: 0.25%, 전일대비: 1.01%, 5연속상승: 0, 5연속하락: 0, 저가갱신: 1, 고가갱신: 8##################################################################################################### 13:17:45 매수 1회차] 저가: 12,000, 현재: 12,025, 고가: 12,040
# 시작대비: 0.21%, 전일대비: 0.97%, 5연속상승: 0, 5연속하락: 0, 저가갱신: 1, 고가갱신: 8##################################################################################################### 13:17:53 매수 1회차] 저가: 12,000, 현재: 12,020, 고가: 12,040
# 시작대비: 0.17%, 전일대비: 0.92%, 5연속상승: 0, 5연속하락: 0, 저가갱신: 1, 고가갱신: 8##################################################################################################### 13:17:54 매수 1회차] 저가: 12,000, 현재: 12,025, 고가: 12,040
# 시작대비: 0.21%, 전일대비: 0.97%, 5연속상승: 0, 5연속하락: 0, 저가갱신: 1, 고가갱신: 8##################################################################################################### 13:17:58 매수 1회차] 저가: 12,000, 현재: 12,030, 고가: 12,040
# 시작대비: 0.25%, 전일대비: 1.01%, 5연속상승: 0, 5연속하락: 0, 저가갱신: 1, 고가갱신: 8##################################################################################################### 13:17:59 매수 1회차] 저가: 12,000, 현재: 12,025, 고가: 12,040
# 시작대비: 0.21%, 전일대비: 0.97%, 5연속상승: 0, 5연속하락: 0, 저가갱신: 1, 고가갱신: 8##################################################################################################### 13:18:37 매수 1회차] 저가: 12,000, 현재: 12,020, 고가: 12,040
# 시작대비: 0.17%, 전일대비: 0.92%, 5연속상승: 0, 5연속하락: 0, 저가갱신: 1, 고가갱신: 8##################################################################################################### 13:18:38 매수 1회차] 저가: 12,000, 현재: 12,025, 고가: 12,040
# 시작대비: 0.21%, 전일대비: 0.97%, 5연속상승: 0, 5연속하락: 0, 저가갱신: 1, 고가갱신: 8##################################################################################################### 13:18:40 매수 1회차] 저가: 12,000, 현재: 12,030, 고가: 12,040
# 시작대비: 0.25%, 전일대비: 1.01%, 5연속상승: 0, 5연속하락: 0, 저가갱신: 1, 고가갱신: 8##################################################################################################### 13:18:49 매수 1회차] 저가: 12,000, 현재: 12,025, 고가: 12,040
# 시작대비: 0.21%, 전일대비: 0.97%, 5연속상승: 0, 5연속하락: 0, 저가갱신: 1, 고가갱신: 8##################################################################################################### 13:18:55 매수 1회차] 저가: 12,000, 현재: 12,030, 고가: 12,040
# 시작대비: 0.25%, 전일대비: 1.01%, 5연속상승: 0, 5연속하락: 0, 저가갱신: 1, 고가갱신: 8##################################################################################################### 13:18:56 매수 1회차] 저가: 12,000, 현재: 12,025, 고가: 12,040
# 시작대비: 0.21%, 전일대비: 0.97%, 5연속상승: 0, 5연속하락: 0, 저가갱신: 1, 고가갱신: 8##################################################################################################### 13:18:59 매수 1회차] 저가: 12,000, 현재: 12,030, 고가: 12,040
# 시작대비: 0.25%, 전일대비: 1.01%, 5연속상승: 0, 5연속하락: 0, 저가갱신: 1, 고가갱신: 8##################################################################################################### 13:19:00 매수 1회차] 저가: 12,000, 현재: 12,025, 고가: 12,040
# 시작대비: 0.21%, 전일대비: 0.97%, 5연속상승: 0, 5연속하락: 0, 저가갱신: 1, 고가갱신: 8##################################################################################################### 13:19:29 매수 1회차] 저가: 12,000, 현재: 12,027, 고가: 12,040
# 시작대비: 0.22%, 전일대비: 0.98%, 5연속상승: 0, 5연속하락: 0, 저가갱신: 1, 고가갱신: 8##################################################################################################### 13:19:34 매수 1회차] 저가: 12,000, 현재: 12,030, 고가: 12,040
# 시작대비: 0.25%, 전일대비: 1.01%, 5연속상승: 0, 5연속하락: 0, 저가갱신: 1, 고가갱신: 8##################################################################################################### 13:19:50 매수 1회차] 저가: 12,000, 현재: 12,027, 고가: 12,040
# 시작대비: 0.22%, 전일대비: 0.98%, 5연속상승: 0, 5연속하락: 0, 저가갱신: 1, 고가갱신: 8##################################################################################################### 13:19:51 매수 1회차] 저가: 12,000, 현재: 12,030, 고가: 12,040
# 시작대비: 0.25%, 전일대비: 1.01%, 5연속상승: 0, 5연속하락: 0, 저가갱신: 1, 고가갱신: 8##################################################################################################### 13:20:06 매수 1회차] 저가: 12,000, 현재: 12,025, 고가: 12,040
# 시작대비: 0.21%, 전일대비: 0.97%, 5연속상승: 0, 5연속하락: 0, 저가갱신: 1, 고가갱신: 8##################################################################################################### 13:20:12 매수 1회차] 저가: 12,000, 현재: 12,030, 고가: 12,040
# 시작대비: 0.25%, 전일대비: 1.01%, 5연속상승: 0, 5연속하락: 0, 저가갱신: 1, 고가갱신: 8##################################################################################################### 13:20:14 매수 1회차] 저가: 12,000, 현재: 12,035, 고가: 12,040
# 시작대비: 0.29%, 전일대비: 1.05%, 5연속상승: 0, 5연속하락: 0, 저가갱신: 1, 고가갱신: 8##################################################################################################### 13:20:30 매수 1회차] 저가: 12,000, 현재: 12,030, 고가: 12,040
# 시작대비: 0.25%, 전일대비: 1.01%, 5연속상승: 0, 5연속하락: 0, 저가갱신: 1, 고가갱신: 8##################################################################################################### 13:21:02 매수 1회차] 저가: 12,000, 현재: 12,035, 고가: 12,040
# 시작대비: 0.29%, 전일대비: 1.05%, 5연속상승: 0, 5연속하락: 0, 저가갱신: 1, 고가갱신: 8##################################################################################################### 13:21:04 매수 1회차] 저가: 12,000, 현재: 12,025, 고가: 12,040
# 시작대비: 0.21%, 전일대비: 0.97%, 5연속상승: 0, 5연속하락: 0, 저가갱신: 1, 고가갱신: 8##################################################################################################### 13:21:09 매수 1회차] 저가: 12,000, 현재: 12,030, 고가: 12,040
# 시작대비: 0.25%, 전일대비: 1.01%, 5연속상승: 0, 5연속하락: 0, 저가갱신: 1, 고가갱신: 8##################################################################################################### 13:21:12 매수 1회차] 저가: 12,000, 현재: 12,025, 고가: 12,040
# 시작대비: 0.21%, 전일대비: 0.97%, 5연속상승: 0, 5연속하락: 0, 저가갱신: 1, 고가갱신: 8##################################################################################################### 13:21:19 매수 1회차] 저가: 12,000, 현재: 12,027, 고가: 12,040
# 시작대비: 0.22%, 전일대비: 0.98%, 5연속상승: 0, 5연속하락: 0, 저가갱신: 1, 고가갱신: 8##################################################################################################### 13:21:23 매수 1회차] 저가: 12,000, 현재: 12,030, 고가: 12,040
# 시작대비: 0.25%, 전일대비: 1.01%, 5연속상승: 0, 5연속하락: 0, 저가갱신: 1, 고가갱신: 8##################################################################################################### 13:21:27 매수 1회차] 저가: 12,000, 현재: 12,025, 고가: 12,040
# 시작대비: 0.21%, 전일대비: 0.97%, 5연속상승: 0, 5연속하락: 0, 저가갱신: 1, 고가갱신: 8##################################################################################################### 13:21:53 매수 1회차] 저가: 12,000, 현재: 12,030, 고가: 12,040
# 시작대비: 0.25%, 전일대비: 1.01%, 5연속상승: 0, 5연속하락: 0, 저가갱신: 1, 고가갱신: 8##################################################################################################### 13:21:54 매수 1회차] 저가: 12,000, 현재: 12,025, 고가: 12,040
# 시작대비: 0.21%, 전일대비: 0.97%, 5연속상승: 0, 5연속하락: 0, 저가갱신: 1, 고가갱신: 8##################################################################################################### 13:22:04 매수 1회차] 저가: 12,000, 현재: 12,027, 고가: 12,040
# 시작대비: 0.22%, 전일대비: 0.98%, 5연속상승: 0, 5연속하락: 0, 저가갱신: 1, 고가갱신: 8##################################################################################################### 13:22:10 매수 1회차] 저가: 12,000, 현재: 12,025, 고가: 12,040
# 시작대비: 0.21%, 전일대비: 0.97%, 5연속상승: 0, 5연속하락: 0, 저가갱신: 1, 고가갱신: 8##################################################################################################### 13:22:36 매수 1회차] 저가: 12,000, 현재: 12,030, 고가: 12,040
# 시작대비: 0.25%, 전일대비: 1.01%, 5연속상승: 0, 5연속하락: 0, 저가갱신: 1, 고가갱신: 8##################################################################################################### 13:22:45 매수 1회차] 저가: 12,000, 현재: 12,025, 고가: 12,040
# 시작대비: 0.21%, 전일대비: 0.97%, 5연속상승: 0, 5연속하락: 0, 저가갱신: 1, 고가갱신: 8##################################################################################################### 13:23:06 매수 1회차] 저가: 12,000, 현재: 12,020, 고가: 12,040
# 시작대비: 0.17%, 전일대비: 0.92%, 5연속상승: 0, 5연속하락: 0, 저가갱신: 1, 고가갱신: 8##################################################################################################### 13:23:23 매수 1회차] 저가: 12,000, 현재: 12,015, 고가: 12,040
# 시작대비: 0.12%, 전일대비: 0.88%, 5연속상승: 0, 5연속하락: 0, 저가갱신: 1, 고가갱신: 8##################################################################################################### 13:23:33 매수 1회차] 저가: 12,000, 현재: 12,020, 고가: 12,040
# 시작대비: 0.17%, 전일대비: 0.92%, 5연속상승: 0, 5연속하락: 0, 저가갱신: 1, 고가갱신: 8##################################################################################################### 13:23:38 매수 1회차] 저가: 12,000, 현재: 12,015, 고가: 12,040
# 시작대비: 0.12%, 전일대비: 0.88%, 5연속상승: 0, 5연속하락: 0, 저가갱신: 1, 고가갱신: 8##################################################################################################### 13:24:21 매수 1회차] 저가: 12,000, 현재: 12,020, 고가: 12,040
# 시작대비: 0.17%, 전일대비: 0.92%, 5연속상승: 0, 5연속하락: 0, 저가갱신: 1, 고가갱신: 8##################################################################################################### 13:24:30 매수 1회차] 저가: 12,000, 현재: 12,015, 고가: 12,040
# 시작대비: 0.12%, 전일대비: 0.88%, 5연속상승: 0, 5연속하락: 0, 저가갱신: 1, 고가갱신: 8##################################################################################################### 13:24:33 매수 1회차] 저가: 12,000, 현재: 12,020, 고가: 12,040
# 시작대비: 0.17%, 전일대비: 0.92%, 5연속상승: 0, 5연속하락: 0, 저가갱신: 1, 고가갱신: 8##################################################################################################### 13:25:11 매수 1회차] 저가: 12,000, 현재: 12,017, 고가: 12,040
# 시작대비: 0.14%, 전일대비: 0.9%, 5연속상승: 0, 5연속하락: 0, 저가갱신: 1, 고가갱신: 8##################################################################################################### 13:25:12 매수 1회차] 저가: 12,000, 현재: 12,020, 고가: 12,040
# 시작대비: 0.17%, 전일대비: 0.92%, 5연속상승: 0, 5연속하락: 0, 저가갱신: 1, 고가갱신: 8##################################################################################################### 13:25:36 매수 1회차] 저가: 12,000, 현재: 12,017, 고가: 12,040
# 시작대비: 0.14%, 전일대비: 0.9%, 5연속상승: 0, 5연속하락: 0, 저가갱신: 1, 고가갱신: 8##################################################################################################### 13:25:48 매수 1회차] 저가: 12,000, 현재: 12,020, 고가: 12,040
# 시작대비: 0.17%, 전일대비: 0.92%, 5연속상승: 0, 5연속하락: 0, 저가갱신: 1, 고가갱신: 8##################################################################################################### 13:26:25 매수 1회차] 저가: 12,000, 현재: 12,017, 고가: 12,040
# 시작대비: 0.14%, 전일대비: 0.9%, 5연속상승: 0, 5연속하락: 0, 저가갱신: 1, 고가갱신: 8##################################################################################################### 13:26:26 매수 1회차] 저가: 12,000, 현재: 12,020, 고가: 12,040
# 시작대비: 0.17%, 전일대비: 0.92%, 5연속상승: 0, 5연속하락: 0, 저가갱신: 1, 고가갱신: 8##################################################################################################### 13:26:37 매수 1회차] 저가: 12,000, 현재: 12,017, 고가: 12,040
# 시작대비: 0.14%, 전일대비: 0.9%, 5연속상승: 0, 5연속하락: 0, 저가갱신: 1, 고가갱신: 8##################################################################################################### 13:26:52 매수 1회차] 저가: 12,000, 현재: 12,020, 고가: 12,040
# 시작대비: 0.17%, 전일대비: 0.92%, 5연속상승: 0, 5연속하락: 0, 저가갱신: 1, 고가갱신: 8##################################################################################################### 13:27:17 매수 1회차] 저가: 12,000, 현재: 12,017, 고가: 12,040
# 시작대비: 0.14%, 전일대비: 0.9%, 5연속상승: 0, 5연속하락: 0, 저가갱신: 1, 고가갱신: 8##################################################################################################### 13:27:20 매수 1회차] 저가: 12,000, 현재: 12,020, 고가: 12,040
# 시작대비: 0.17%, 전일대비: 0.92%, 5연속상승: 0, 5연속하락: 0, 저가갱신: 1, 고가갱신: 8##################################################################################################### 13:27:43 매수 1회차] 저가: 12,000, 현재: 12,017, 고가: 12,040
# 시작대비: 0.14%, 전일대비: 0.9%, 5연속상승: 0, 5연속하락: 0, 저가갱신: 1, 고가갱신: 8##################################################################################################### 13:27:51 매수 1회차] 저가: 12,000, 현재: 12,020, 고가: 12,040
# 시작대비: 0.17%, 전일대비: 0.92%, 5연속상승: 0, 5연속하락: 0, 저가갱신: 1, 고가갱신: 8##################################################################################################### 13:27:59 매수 1회차] 저가: 12,000, 현재: 12,017, 고가: 12,040
# 시작대비: 0.14%, 전일대비: 0.9%, 5연속상승: 0, 5연속하락: 0, 저가갱신: 1, 고가갱신: 8##################################################################################################### 13:28:10 매수 1회차] 저가: 12,000, 현재: 12,020, 고가: 12,040
# 시작대비: 0.17%, 전일대비: 0.92%, 5연속상승: 0, 5연속하락: 0, 저가갱신: 1, 고가갱신: 8##################################################################################################### 13:28:15 매수 1회차] 저가: 12,000, 현재: 12,017, 고가: 12,040
# 시작대비: 0.14%, 전일대비: 0.9%, 5연속상승: 0, 5연속하락: 0, 저가갱신: 1, 고가갱신: 8##################################################################################################### 13:28:28 매수 1회차] 저가: 12,000, 현재: 12,015, 고가: 12,040
# 시작대비: 0.12%, 전일대비: 0.88%, 5연속상승: 0, 5연속하락: 0, 저가갱신: 1, 고가갱신: 8##################################################################################################### 13:28:32 매수 1회차] 저가: 12,000, 현재: 12,020, 고가: 12,040
# 시작대비: 0.17%, 전일대비: 0.92%, 5연속상승: 0, 5연속하락: 0, 저가갱신: 1, 고가갱신: 8##################################################################################################### 13:28:35 매수 1회차] 저가: 12,000, 현재: 12,015, 고가: 12,040
# 시작대비: 0.12%, 전일대비: 0.88%, 5연속상승: 0, 5연속하락: 0, 저가갱신: 1, 고가갱신: 8##################################################################################################### 13:28:54 매수 1회차] 저가: 12,000, 현재: 12,020, 고가: 12,040
# 시작대비: 0.17%, 전일대비: 0.92%, 5연속상승: 0, 5연속하락: 0, 저가갱신: 1, 고가갱신: 8##################################################################################################### 13:29:01 매수 1회차] 저가: 12,000, 현재: 12,015, 고가: 12,040
# 시작대비: 0.12%, 전일대비: 0.88%, 5연속상승: 0, 5연속하락: 0, 저가갱신: 1, 고가갱신: 8##################################################################################################### 13:29:09 매수 1회차] 저가: 12,000, 현재: 12,020, 고가: 12,040
# 시작대비: 0.17%, 전일대비: 0.92%, 5연속상승: 0, 5연속하락: 0, 저가갱신: 1, 고가갱신: 8##################################################################################################### 13:29:41 매수 1회차] 저가: 12,000, 현재: 12,015, 고가: 12,040
# 시작대비: 0.12%, 전일대비: 0.88%, 5연속상승: 0, 5연속하락: 0, 저가갱신: 1, 고가갱신: 8##################################################################################################### 13:29:49 매수 1회차] 저가: 12,000, 현재: 12,020, 고가: 12,040
# 시작대비: 0.17%, 전일대비: 0.92%, 5연속상승: 0, 5연속하락: 0, 저가갱신: 1, 고가갱신: 8##################################################################################################### 13:30:00 매수 1회차] 저가: 12,000, 현재: 12,015, 고가: 12,040
# 시작대비: 0.12%, 전일대비: 0.88%, 5연속상승: 0, 5연속하락: 0, 저가갱신: 1, 고가갱신: 8##################################################################################################### 13:30:02 매수 1회차] 저가: 12,000, 현재: 12,020, 고가: 12,040
# 시작대비: 0.17%, 전일대비: 0.92%, 5연속상승: 0, 5연속하락: 0, 저가갱신: 1, 고가갱신: 8##################################################################################################### 13:30:05 매수 1회차] 저가: 12,000, 현재: 12,025, 고가: 12,040
# 시작대비: 0.21%, 전일대비: 0.97%, 5연속상승: 0, 5연속하락: 0, 저가갱신: 1, 고가갱신: 8####################################################################################################